VirtualBox GUI VM Selector Window 5.2.0 r118415 linux.amd64 (Oct 18 2017 21:39:48) release log
00:00:00.487961 Log opened 2017-11-13T11:53:07.202281000Z
00:00:00.487962 Build Type: release
00:00:00.487964 OS Product: Linux
00:00:00.487965 OS Release: 4.13.11-1-ARCH
00:00:00.487965 OS Version: #1 SMP PREEMPT Thu Nov 2 10:25:56 CET 2017
00:00:00.487984 DMI Product Name: RC420/RC520/RC720
00:00:00.487990 DMI Product Version: 0.1
00:00:00.488025 Host RAM: 5884MB (5.7GB) total, 4407MB (4.3GB) available
00:00:00.488028 Executable: /usr/lib/virtualbox/VirtualBox
00:00:00.488028 Process ID: 2069
00:00:00.488029 Package type: LINUX_64BITS_GENERIC (OSE)
00:00:00.488048 Qt version: 5.9.2
00:00:00.540350 GUI: UIMediumEnumerator: Medium-enumeration started...
00:00:00.755109 Failed to open "/dev/vboxdrv", errno=13, rc=VERR_VM_DRIVER_NOT_ACCESSIBLE
00:00:00.755564 GUI: UIMediumEnumerator: Medium-enumeration finished!
00:00:00.781536 GUI: UIDesktopWidgetWatchdog::sltHandleHostScreenAvailableGeometryCalculated: Screen 0 work area is actually resized to: 0x0 x 683x749
00:00:12.291312 GUI: UIMediumEnumerator: Medium-enumeration started...
00:00:12.323406 GUI: UIMediumEnumerator: Medium-enumeration finished!
00:00:21.149625 GUI: UIMediumEnumerator: Medium-enumeration started...
00:00:21.167535 GUI: UIMediumEnumerator: Medium-enumeration finished!
00:00:33.250483 GUI: UIMediumEnumerator: Medium-enumeration finished!
00:00:36.020992 GUI: UIMediumEnumerator: Medium-enumeration finished!
